#
# There is insufficient memory for the Java Runtime Environment to continue.
# Native memory allocation (malloc) failed to allocate 1048576 bytes for AllocateHeap
# Possible reasons:
#   The system is out of physical RAM or swap space
#   The process is running with CompressedOops enabled, and the Java Heap may be blocking the growth of the native heap
# Possible solutions:
#   Reduce memory load on the system
#   Increase physical memory or swap space
#   Check if swap backing store is full
#   Decrease Java heap size (-Xmx/-Xms)
#   Decrease number of Java threads
#   Decrease Java thread stack sizes (-Xss)
#   Set larger code cache with -XX:ReservedCodeCacheSize=
#   JVM is running with Unscaled Compressed Oops mode in which the Java heap is
#     placed in the first 4GB address space. The Java Heap base address is the
#     maximum limit for the native heap growth. Please use -XX:HeapBaseMinAddress
#     to set the Java Heap base and to place the Java Heap above 4GB virtual address.
# This output file may be truncated or incomplete.
#
#  Out of Memory Error (allocation.cpp:44), pid=29636, tid=14552
#
# JRE version:  (21.0.2+13) (build )
# Java VM: Java HotSpot(TM) 64-Bit Server VM (21.0.2+13-LTS-58, mixed mode, sharing, tiered, compressed oops, compressed class ptrs, g1 gc, windows-amd64)
# No core dump will be written. Minidumps are not enabled by default on client versions of Windows
#

---------------  S U M M A R Y ------------

Command Line: -Dfile.encoding=UTF-8 --module-path=C:\Users\Sanjay Kumar\OneDrive\Documents\NetBeansProjects\Bank Management\build\classes bank.management.Login

Host: AMD Ryzen 5 4600H with Radeon Graphics         , 12 cores, 7G,  Windows 11 , 64 bit Build 26100 (10.0.26100.3323)
Time: Sat Mar 29 00:49:24 2025 India Standard Time elapsed time: 2.027367 seconds (0d 0h 0m 2s)

---------------  T H R E A D  ---------------

Current thread (0x000001ec71d8ba80):  JavaThread "Unknown thread" [_thread_in_vm, id=14552, stack(0x00000062f4300000,0x00000062f4400000) (1024K)]

Stack: [0x00000062f4300000,0x00000062f4400000]
Native frames: (J=compiled Java code, j=interpreted, Vv=VM code, C=native code)
V  [jvm.dll+0x6cade9]
V  [jvm.dll+0x8569c1]
V  [jvm.dll+0x858d2e]
V  [jvm.dll+0x859413]
V  [jvm.dll+0x280e56]
V  [jvm.dll+0xbeb17]
V  [jvm.dll+0x3273b5]
V  [jvm.dll+0x81ef6d]
V  [jvm.dll+0x3bba01]
V  [jvm.dll+0x807928]
V  [jvm.dll+0x44f50e]
V  [jvm.dll+0x450e11]
C  [jli.dll+0x52a3]
C  [ucrtbase.dll+0x37b0]
C  [KERNEL32.DLL+0x2e8d7]
C  [ntdll.dll+0xbbf6c]


---------------  P R O C E S S  ---------------

Threads class SMR info:
_java_thread_list=0x00007ffeb64dbb88, length=0, elements={
}

Java Threads: ( => current thread )
Total: 0

Other Threads:

=>0x000001ec71d8ba80 (exited) JavaThread "Unknown thread"    [_thread_in_vm, id=14552, stack(0x00000062f4300000,0x00000062f4400000) (1024K)]
Total: 1

Threads with active compile tasks:
Total: 0

VM state: not at safepoint (not fully initialized)

VM Mutex/Monitor currently owned by a thread: None

Heap address: 0x0000000000000000, size: 0 MB, Compressed Oops mode: 32-bit

CDS archive(s) mapped at: [0x0000000000000000-0x0000000000000000-0x0000000000000000), size 0, SharedBaseAddress: 0x0000000800000000, ArchiveRelocationMode: 1.
Narrow klass base: 0x0000000000000000, Narrow klass shift: 0, Narrow klass range: 0x0

GC Precious Log:
 CardTable entry size: 512
 Card Set container configuration: InlinePtr #cards 5 size 8 Array Of Cards #cards 12 size 40 Howl #buckets 4 coarsen threshold 1843 Howl Bitmap #cards 512 size 80 coarsen threshold 460 Card regions per heap region 1 cards per card region 2048

GC Heap History (0 events):
No events

Dll operation events (1 events):
Event: 0.011 Loaded shared library C:\Program Files\Java\jdk-21\bin\java.dll

Deoptimization events (0 events):
No events

Classes loaded (0 events):
No events

Classes unloaded (0 events):
No events

Classes redefined (0 events):
No events

Internal exceptions (0 events):
No events

ZGC Phase Switch (0 events):
No events

VM Operations (0 events):
No events

Events (0 events):
No events


Dynamic libraries:
0x00007ff746e10000 - 0x00007ff746e20000 	C:\Program Files\Java\jdk-21\bin\java.exe
0x00007fff35680000 - 0x00007fff358e3000 	C:\WINDOWS\SYSTEM32\ntdll.dll
0x00007fff34a80000 - 0x00007fff34b47000 	C:\WINDOWS\System32\KERNEL32.DLL
0x00007fff32f20000 - 0x00007fff332e9000 	C:\WINDOWS\System32\KERNELBASE.dll
0x00007fff32bd0000 - 0x00007fff32d1c000 	C:\WINDOWS\System32\ucrtbase.dll
0x00007fff25c50000 - 0x00007fff25c69000 	C:\Program Files\Java\jdk-21\bin\jli.dll
0x00007fff2d7c0000 - 0x00007fff2d7db000 	C:\Program Files\Java\jdk-21\bin\VCRUNTIME140.dll
0x00007fff34cd0000 - 0x00007fff34d82000 	C:\WINDOWS\System32\ADVAPI32.dll
0x00007fff350d0000 - 0x00007fff35179000 	C:\WINDOWS\System32\msvcrt.dll
0x00007fff34c20000 - 0x00007fff34cc6000 	C:\WINDOWS\System32\sechost.dll
0x00007fff34050000 - 0x00007fff34166000 	C:\WINDOWS\System32\RPCRT4.dll
0x00007fff33e80000 - 0x00007fff3404a000 	C:\WINDOWS\System32\USER32.dll
0x00007fff332f0000 - 0x00007fff33317000 	C:\WINDOWS\System32\win32u.dll
0x00007fff1c6b0000 - 0x00007fff1c940000 	C:\WINDOWS\WinSxS\amd64_microsoft.windows.common-controls_6595b64144ccf1df_6.0.26100.3323_none_3e088096e3344490\COMCTL32.dll
0x00007fff34490000 - 0x00007fff344ba000 	C:\WINDOWS\System32\GDI32.dll
0x00007fff32880000 - 0x00007fff329b1000 	C:\WINDOWS\System32\gdi32full.dll
0x00007fff32b20000 - 0x00007fff32bc3000 	C:\WINDOWS\System32\msvcp_win.dll
0x00007fff2c970000 - 0x00007fff2c97b000 	C:\WINDOWS\SYSTEM32\VERSION.dll
0x00007fff33e40000 - 0x00007fff33e6f000 	C:\WINDOWS\System32\IMM32.DLL
0x00007fff2f990000 - 0x00007fff2f99c000 	C:\Program Files\Java\jdk-21\bin\vcruntime140_1.dll
0x00007ffeba730000 - 0x00007ffeba7be000 	C:\Program Files\Java\jdk-21\bin\msvcp140.dll
0x00007ffeb5910000 - 0x00007ffeb6627000 	C:\Program Files\Java\jdk-21\bin\server\jvm.dll
0x00007fff34510000 - 0x00007fff34584000 	C:\WINDOWS\System32\WS2_32.dll
0x00007fff32710000 - 0x00007fff3275e000 	C:\WINDOWS\SYSTEM32\POWRPROF.dll
0x00007fff2c930000 - 0x00007fff2c966000 	C:\WINDOWS\SYSTEM32\WINMM.dll
0x00007fff326f0000 - 0x00007fff32704000 	C:\WINDOWS\SYSTEM32\UMPDC.dll
0x00007fff31640000 - 0x00007fff3165a000 	C:\WINDOWS\SYSTEM32\kernel.appcore.dll
0x00007fff2d7b0000 - 0x00007fff2d7ba000 	C:\Program Files\Java\jdk-21\bin\jimage.dll
0x00007fff273b0000 - 0x00007fff275f1000 	C:\WINDOWS\SYSTEM32\DBGHELP.DLL
0x00007fff351b0000 - 0x00007fff35532000 	C:\WINDOWS\System32\combase.dll
0x00007fff34fe0000 - 0x00007fff350b6000 	C:\WINDOWS\System32\OLEAUT32.dll
0x00007fff1bd90000 - 0x00007fff1bdc9000 	C:\WINDOWS\SYSTEM32\dbgcore.DLL
0x00007fff329c0000 - 0x00007fff32a59000 	C:\WINDOWS\System32\bcryptPrimitives.dll
0x00007fff298b0000 - 0x00007fff298cf000 	C:\Program Files\Java\jdk-21\bin\java.dll

dbghelp: loaded successfully - version: 4.0.5 - missing functions: none
symbol engine: initialized successfully - sym options: 0x614 - pdb path: .;C:\Program Files\Java\jdk-21\bin;C:\WINDOWS\SYSTEM32;C:\WINDOWS\WinSxS\amd64_microsoft.windows.common-controls_6595b64144ccf1df_6.0.26100.3323_none_3e088096e3344490;C:\Program Files\Java\jdk-21\bin\server

VM Arguments:
jvm_args: -Dfile.encoding=UTF-8 --module-path=C:\Users\Sanjay Kumar\OneDrive\Documents\NetBeansProjects\Bank Management\build\classes 
java_command: bank.management.Login
java_class_path (initial): C:\Users\Sanjay Kumar\OneDrive\Documents\NetBeansProjects\Bank Management\build\classes
Launcher Type: SUN_STANDARD

[Global flags]
     intx CICompilerCount                          = 4                                         {product} {ergonomic}
     uint ConcGCThreads                            = 3                                         {product} {ergonomic}
     uint G1ConcRefinementThreads                  = 10                                        {product} {ergonomic}
   size_t G1HeapRegionSize                         = 1048576                                   {product} {ergonomic}
    uintx GCDrainStackTargetSize                   = 64                                        {product} {ergonomic}
   size_t InitialHeapSize                          = 125829120                                 {product} {ergonomic}
   size_t MarkStackSize                            = 4194304                                   {product} {ergonomic}
   size_t MaxHeapSize                              = 1992294400                                {product} {ergonomic}
   size_t MinHeapDeltaBytes                        = 1048576                                   {product} {ergonomic}
   size_t MinHeapSize                              = 8388608                                   {product} {ergonomic}
    uintx NonNMethodCodeHeapSize                   = 5839372                                {pd product} {ergonomic}
    uintx NonProfiledCodeHeapSize                  = 122909434                              {pd product} {ergonomic}
    uintx ProfiledCodeHeapSize                     = 122909434                              {pd product} {ergonomic}
    uintx ReservedCodeCacheSize                    = 251658240                              {pd product} {ergonomic}
     bool SegmentedCodeCache                       = true                                      {product} {ergonomic}
   size_t SoftMaxHeapSize                          = 1992294400                             {manageable} {ergonomic}
     bool UseCompressedOops                        = true                           {product lp64_product} {ergonomic}
     bool UseG1GC                                  = true                                      {product} {ergonomic}
     bool UseLargePagesIndividualAllocation        = false                                  {pd product} {ergonomic}

Logging:
Log output configuration:
 #0: stdout all=warning uptime,level,tags foldmultilines=false
 #1: stderr all=off uptime,level,tags foldmultilines=false

Environment Variables:
JAVA_HOME=C:\Users\Sanjay Kumar\AppData\Local\Programs\Eclipse Adoptium\jdk-17.0.10.7-hotspot\
PATH=C:\Program Files\Common Files\Oracle\Java\javapath;C:\Windows\system32;C:\Windows;C:\Windows\System32\Wbem;C:\Windows\System32\WindowsPowerShell\v1.0\;C:\Windows\System32\OpenSSH\;C:\Program Files (x86)\NVIDIA Corporation\PhysX\Common;C:\Program Files\NVIDIA Corporation\NVIDIA NvDLISR;C:\MinGW\bin;C:\WINDOWS\system32;C:\WINDOWS;C:\WINDOWS\System32\Wbem;C:\WINDOWS\System32\WindowsPowerShell\v1.0\;C:\WINDOWS\System32\OpenSSH\;C:\Program Files\Java\jdk-21\bin;C:\Users\Sanjay Kumar\AppData\Local\Programs\Eclipse Adoptium\jdk-17.0.10.7-hotspot\bin;C:\Users\Sanjay Kumar\AppData\Local\Programs\Python\Python312\Scripts\;C:\Users\Sanjay Kumar\AppData\Local\Programs\Python\Python312\;C:\Program Files\MySQL\MySQL Shell 8.0\bin\;C:\Users\Sanjay Kumar\AppData\Local\Microsoft\WindowsApps;C:\Users\Sanjay Kumar\AppData\Local\Programs\Microsoft VS Code\bin;C:\Program Files\Java\jdk-17\bin;C:\Program Files\Java\jdk-21\bin;
USERNAME=Sanjay Kumar
OS=Windows_NT
PROCESSOR_IDENTIFIER=AMD64 Family 23 Model 96 Stepping 1, AuthenticAMD
TMP=C:\Users\SANJAY~1\AppData\Local\Temp
TEMP=C:\Users\SANJAY~1\AppData\Local\Temp




Periodic native trim disabled

---------------  S Y S T E M  ---------------

OS:
 Windows 11 , 64 bit Build 26100 (10.0.26100.3323)
OS uptime: 8 days 0:59 hours
Hyper-V role detected

CPU: total 12 (initial active 12) (12 cores per cpu, 2 threads per core) family 23 model 96 stepping 1 microcode 0x8600106, cx8, cmov, fxsr, ht, mmx, 3dnowpref, sse, sse2, sse3, ssse3, sse4a, sse4.1, sse4.2, popcnt, lzcnt, tsc, tscinvbit, avx, avx2, aes, clmul, bmi1, bmi2, adx, sha, fma, vzeroupper, clflush, clflushopt, hv, rdtscp, rdpid, f16c
Processor Information for all 12 processors :
  Max Mhz: 3001, Current Mhz: 3001, Mhz Limit: 3001

Memory: 4k page, system-wide physical 7598M (1107M free)
TotalPageFile size 31150M (AvailPageFile size 4M)
current process WorkingSet (physical memory assigned to process): 11M, peak: 11M
current process commit charge ("private bytes"): 18M, peak: 19M

vm_info: Java HotSpot(TM) 64-Bit Server VM (21.0.2+13-LTS-58) for windows-amd64 JRE (21.0.2+13-LTS-58), built on 2024-01-05T18:32:24Z by "mach5one" with MS VC++ 17.1 (VS2022)

END.
